<?xml version="1.0" encoding="UTF-8"?>
<!-- Generated by org.testng.reporters.JUnitReportReporter -->
<testsuite hostname="Ashutosh" failures="0" tests="1" name="com.test.TestCase1" time="0.010" errors="0" timestamp="2023-02-24T22:30:43 IST" skipped="0">
  <testcase classname="com.test.TestCase1" name="test" time="0.010"/>
  <system-out/>
</testsuite> <!-- com.test.TestCase1 -->
