<?xml version="1.0" encoding="UTF-8"?>
<!-- Generated by org.testng.reporters.JUnitReportReporter -->
<testsuite hostname="Ashutosh" failures="0" tests="2" name="com.test.TestAnalyser" time="0.012" errors="0" timestamp="2023-09-09T23:52:47 IST" skipped="1">
  <testcase classname="com.test.TestAnalyser" name="testAnalyser" time="0.010">
    <skipped/>
  </testcase> <!-- testAnalyser -->
  <system-out/>
  <testcase classname="com.test.TestAnalyser" name="testAnalyser" time="0.002"/>
  <system-out/>
</testsuite> <!-- com.test.TestAnalyser -->
