<?xml version="1.0" encoding="UTF-8"?>
<!-- Generated by org.testng.reporters.JUnitReportReporter -->
<testsuite hostname="Ashutosh" failures="0" tests="1" name="utils.DataFactory" time="0.011" errors="0" timestamp="2023-08-01T20:23:50 IST" skipped="0">
  <testcase classname="utils.DataFactory" name="a" time="0.011"/>
  <system-out/>
</testsuite> <!-- utils.DataFactory -->
