<?xml version="1.0" encoding="UTF-8"?>
<!-- Generated by org.testng.reporters.JUnitReportReporter -->
<testsuite hostname="Ashutosh" failures="0" tests="1" name="com.test.Test1" time="10.438" errors="0" timestamp="2023-09-12T22:32:38 IST" skipped="0">
  <testcase classname="com.test.Test1" name="f" time="10.438"/>
  <system-out/>
</testsuite> <!-- com.test.Test1 -->
