<?xml version="1.0" encoding="UTF-8"?>
<!-- Generated by org.testng.reporters.JUnitReportReporter -->
<testsuite hostname="Ashutosh" failures="0" tests="1" name="com.test.UploadResume" time="9.353" errors="0" timestamp="2023-09-17T11:32:19 IST" skipped="0">
  <testcase classname="com.test.UploadResume" name="f" time="9.353"/>
  <system-out/>
</testsuite> <!-- com.test.UploadResume -->
