<?xml version="1.0" encoding="UTF-8"?>
<!-- Generated by org.testng.reporters.JUnitReportReporter -->
<testsuite hostname="Ashutosh" failures="0" tests="1" name="com.test.Test1" time="9.252" errors="0" timestamp="2023-08-04T19:45:34 IST" skipped="0">
  <testcase classname="com.test.Test1" name="f" time="9.252"/>
  <system-out/>
</testsuite> <!-- com.test.Test1 -->
